<?xml version="1.0" encoding="UTF-8"?>
<!-- Generated by org.testng.reporters.JUnitXMLReporter -->
<testsuite ignored="0" hostname="PROBOOK" failures="0" tests="4" name="Default test" time="8.256" errors="0" timestamp="2024-06-25T21:06:19 EET">
  <testcase classname="database.myTestCase" name="addData" time="0.049"/>
  <testcase classname="database.myTestCase" name="updateData" time="0.005"/>
  <testcase classname="database.myTestCase" name="getData" time="7.682"/>
  <testcase classname="database.myTestCase" name="DeleteData" time="0.017"/>
</testsuite> <!-- Default test -->
