<?xml version="1.0" encoding="UTF-8"?>
<testng-results ignored="0" total="4" passed="4" failed="0" skipped="0">
  <reporter-output>
  </reporter-output>
  <suite started-at="2024-06-25T21:06:11 EET" name="Default suite" finished-at="2024-06-25T21:06:19 EET" duration-ms="8256">
    <groups>
    </groups>
    <test started-at="2024-06-25T21:06:11 EET" name="Default test" finished-at="2024-06-25T21:06:19 EET" duration-ms="8256">
      <class name="database.myTestCase">
        <test-method is-config="true" signature="Setup()[pri:0, instance:database.myTestCase@5aac4250]" started-at="2024-06-25T21:06:11 EET" name="Setup" finished-at="2024-06-25T21:06:12 EET" duration-ms="460" status="PASS">
          <reporter-output>
          </reporter-output>
        </test-method> <!-- Setup -->
        <test-method signature="addData()[pri:1, instance:database.myTestCase@5aac4250]" started-at="2024-06-25T21:06:12 EET" name="addData" finished-at="2024-06-25T21:06:12 EET" duration-ms="49" status="PASS">
          <reporter-output>
          </reporter-output>
        </test-method> <!-- addData -->
        <test-method signature="updateData()[pri:2, instance:database.myTestCase@5aac4250]" started-at="2024-06-25T21:06:12 EET" name="updateData" finished-at="2024-06-25T21:06:12 EET" duration-ms="5" status="PASS">
          <reporter-output>
          </reporter-output>
        </test-method> <!-- updateData -->
        <test-method signature="getData()[pri:3, instance:database.myTestCase@5aac4250]" started-at="2024-06-25T21:06:12 EET" name="getData" finished-at="2024-06-25T21:06:19 EET" duration-ms="7682" status="PASS">
          <reporter-output>
          </reporter-output>
        </test-method> <!-- getData -->
        <test-method signature="DeleteData()[pri:4, instance:database.myTestCase@5aac4250]" started-at="2024-06-25T21:06:19 EET" name="DeleteData" finished-at="2024-06-25T21:06:19 EET" duration-ms="17" status="PASS">
          <reporter-output>
          </reporter-output>
        </test-method> <!-- DeleteData -->
      </class> <!-- database.myTestCase -->
    </test> <!-- Default test -->
  </suite> <!-- Default suite -->
</testng-results>
